ERROR 2025-04-29T16:33:34.947+00:00 ThreadId(24) [1P:op-settings/src/store/json_store.rs:80] Os { code: 2, kind: NotFound, message: "No such file or directory" }
INFO  2025-04-29T16:33:34.947+00:00 ThreadId(24) [1P:op-settings/src/store/json_store.rs:104] Settings file "/home/<redacted-username>/.config/1Password/settings/settings.json" missing, using defaults.
INFO  2025-04-29T16:33:34.948+00:00 ThreadId(24) [client:typescript] Client starting.
ERROR 2025-04-29T16:33:35.778+00:00 ThreadId(24) [1P:/mnt/ephemeral/builds/dev/core/core/op-b5-client/src/b5_client/features.rs:210] HttpError((/rustc/4d91de4e48198da2e33413efdcd9cd2cc0c46688/library/core/src/ops/function.rs:250, IoError(IoError(error sending request for url (<redacted URL>)))))
INFO  2025-04-29T16:33:35.778+00:00 ThreadId(24) [1P:op-crash-reporting/src/killswitch.rs:41] Crash reporting temporarily disabled by 1Password.
INFO  2025-04-29T16:33:35.779+00:00 ThreadId(24) [1P:op-localization/src/lib.rs:239] system locale detected as 'en-GB'
INFO  2025-04-29T16:33:35.779+00:00 ThreadId(24) [1P:op-localization/src/lib.rs:265] selected translations for EN_US based on detected locale en-GB
INFO  2025-04-29T16:33:35.779+00:00 ThreadId(24) [status:app/op-app/src/app.rs:971] App::new(1Password for Linux/81072027 (EN_US), /home/<redacted-username>/.config/1Password)
INFO  2025-04-29T16:33:35.791+00:00 ThreadId(24) [1P:data/op-db/src/common/mod.rs:146] Core DB Table Integrity Check Succeeded
INFO  2025-04-29T16:33:35.791+00:00 ThreadId(24) [1P:data/op-db/src/common/mod.rs:160] Core DB Integrity Check Succeeded
INFO  2025-04-29T16:33:35.791+00:00 ThreadId(24) [1P:data/op-db/src/core_db/db.rs:146] Starting Core DB at version: 0
INFO  2025-04-29T16:33:35.791+00:00 ThreadId(24) [1P:data/op-db/src/core_db/db.rs:159] Database is being created at '/home/<redacted-username>/.config/1Password/1password.sqlite' (sqlite: 3046000)
INFO  2025-04-29T16:33:35.792+00:00 ThreadId(24) [1P:data/op-db/src/core_db/db.rs:521] Updated DB Schema to version 001
INFO  2025-04-29T16:33:35.793+00:00 ThreadId(24) [1P:data/op-db/src/core_db/db.rs:543] Updated DB Schema to version 002
INFO  2025-04-29T16:33:35.795+00:00 ThreadId(24) [1P:data/op-db/src/core_db/db.rs:555] Updated DB Schema to version 003
INFO  2025-04-29T16:33:35.795+00:00 ThreadId(24) [1P:data/op-db/src/core_db/db.rs:571] Updated DB Schema to version 005
INFO  2025-04-29T16:33:35.796+00:00 ThreadId(24) [1P:data/op-db/src/core_db/db.rs:587] Updated DB Schema to version 006
INFO  2025-04-29T16:33:35.796+00:00 ThreadId(24) [1P:data/op-db/src/core_db/db.rs:601] Updated DB Schema to version 007
INFO  2025-04-29T16:33:35.797+00:00 ThreadId(24) [1P:data/op-db/src/core_db/db.rs:615] Updated DB Schema to version 008
INFO  2025-04-29T16:33:35.798+00:00 ThreadId(24) [1P:data/op-db/src/core_db/db.rs:629] Updated DB Schema to version 009
INFO  2025-04-29T16:33:35.798+00:00 ThreadId(24) [1P:data/op-db/src/core_db/db.rs:643] Updated DB Schema to version 011
INFO  2025-04-29T16:33:35.798+00:00 ThreadId(24) [1P:data/op-db/src/core_db/db.rs:658] Updated DB Schema to version 012
INFO  2025-04-29T16:33:35.799+00:00 ThreadId(24) [1P:data/op-db/src/core_db/db.rs:672] Updated DB Schema to version 013
INFO  2025-04-29T16:33:35.800+00:00 ThreadId(24) [1P:data/op-db/src/core_db/db.rs:686] Updated DB Schema to version 014
INFO  2025-04-29T16:33:35.800+00:00 ThreadId(24) [1P:data/op-db/src/core_db/db.rs:700] Updated DB Schema to version 015
INFO  2025-04-29T16:33:35.801+00:00 ThreadId(24) [1P:data/op-db/src/core_db/db.rs:714] Updated DB Schema to version 016
INFO  2025-04-29T16:33:35.802+00:00 ThreadId(24) [1P:data/op-db/src/core_db/db.rs:728] Updated DB Schema to version 017
INFO  2025-04-29T16:33:35.803+00:00 ThreadId(24) [1P:data/op-db/src/core_db/db.rs:742] Updated DB Schema to version 018
INFO  2025-04-29T16:33:35.804+00:00 ThreadId(24) [1P:data/op-db/src/core_db/db.rs:756] Updated DB Schema to version 019
INFO  2025-04-29T16:33:35.805+00:00 ThreadId(24) [1P:data/op-db/src/core_db/db.rs:871] Updated DB Schema to version 021
INFO  2025-04-29T16:33:35.806+00:00 ThreadId(24) [1P:data/op-db/src/core_db/db.rs:885] Updated DB Schema to version 022
INFO  2025-04-29T16:33:35.807+00:00 ThreadId(24) [1P:data/op-db/src/core_db/db.rs:899] Updated DB Schema to version 023
INFO  2025-04-29T16:33:35.808+00:00 ThreadId(24) [1P:data/op-db/src/core_db/db.rs:913] Updated DB Schema to version 024
INFO  2025-04-29T16:33:35.809+00:00 ThreadId(24) [1P:data/op-db/src/core_db/db.rs:927] Updated DB Schema to version 025
INFO  2025-04-29T16:33:35.810+00:00 ThreadId(24) [1P:data/op-db/src/core_db/db.rs:1041] Updated DB Schema to version 026
INFO  2025-04-29T16:33:35.810+00:00 ThreadId(24) [1P:data/op-db/src/core_db/db.rs:1055] Updated DB Schema to version 027
INFO  2025-04-29T16:33:35.811+00:00 ThreadId(24) [1P:data/op-db/src/core_db/db.rs:1069] Updated DB Schema to version 028
INFO  2025-04-29T16:33:35.812+00:00 ThreadId(24) [1P:data/op-db/src/core_db/db.rs:1083] Updated DB Schema to version 029
INFO  2025-04-29T16:33:35.813+00:00 ThreadId(24) [1P:data/op-db/src/core_db/db.rs:1097] Updated DB Schema to version 030
INFO  2025-04-29T16:33:35.813+00:00 ThreadId(24) [1P:data/op-db/src/core_db/db.rs:1110] Updated DB Schema to version 031
INFO  2025-04-29T16:33:35.814+00:00 ThreadId(24) [1P:data/op-db/src/core_db/db.rs:1123] Updated DB Schema to version 032
INFO  2025-04-29T16:33:35.815+00:00 ThreadId(24) [1P:data/op-db/src/core_db/db.rs:1136] Updated DB Schema to version 033
INFO  2025-04-29T16:33:35.816+00:00 ThreadId(24) [1P:data/op-db/src/core_db/db.rs:1149] Updated DB Schema to version 034
INFO  2025-04-29T16:33:35.817+00:00 ThreadId(24) [1P:data/op-db/src/core_db/db.rs:1162] Updated DB Schema to version 035
INFO  2025-04-29T16:33:35.817+00:00 ThreadId(24) [1P:data/op-db/src/core_db/db.rs:1175] Updated DB Schema to version 036
INFO  2025-04-29T16:33:35.818+00:00 ThreadId(24) [1P:data/op-db/src/core_db/db.rs:1188] Updated DB Schema to version 037
INFO  2025-04-29T16:33:35.818+00:00 ThreadId(24) [1P:data/op-db/src/core_db/db.rs:1201] Updated DB Schema to version 038
INFO  2025-04-29T16:33:35.819+00:00 ThreadId(24) [1P:data/op-db/src/core_db/db.rs:1213] Updated DB Schema to version 039
INFO  2025-04-29T16:33:35.822+00:00 ThreadId(24) [1P:data/op-db/src/common/mod.rs:146] Resources DB Table Integrity Check Succeeded
INFO  2025-04-29T16:33:35.822+00:00 ThreadId(24) [1P:data/op-db/src/common/mod.rs:160] Resources DB Integrity Check Succeeded
INFO  2025-04-29T16:33:35.822+00:00 ThreadId(24) [1P:data/op-db/src/resources_db/db.rs:104] Starting Resources DB at version: 0
INFO  2025-04-29T16:33:35.822+00:00 ThreadId(24) [1P:data/op-db/src/resources_db/db.rs:112] Resources Database is being created at '/home/<redacted-username>/.config/1Password/1password_resources.sqlite' (sqlite: 3046000)
INFO  2025-04-29T16:33:35.824+00:00 ThreadId(24) [1P:data/op-db/src/resources_db/db.rs:208] Updated DB Schema to version 001
ERROR 2025-04-29T16:33:35.826+00:00 ThreadId(24) [1P:/mnt/ephemeral/builds/dev/core/core/ssh/op-ssh-config/src/lib.rs:250] Failed to start ssh config file watcher: Io(Os { code: 2, kind: NotFound, message: "No such file or directory" })
INFO  2025-04-29T16:33:35.826+00:00 ThreadId(24) [1P:native-messaging/op-nm-installer/src/nix_utils.rs:48] Creating manifest directory for Chromium at /home/<redacted-username>/.config/google-chrome/NativeMessagingHosts
INFO  2025-04-29T16:33:35.826+00:00 ThreadId(24) [1P:native-messaging/op-nm-installer/src/nix_utils.rs:68] Created NMH manifest at /home/<redacted-username>/.config/google-chrome/NativeMessagingHosts/com.1password.1password.json
INFO  2025-04-29T16:33:35.826+00:00 ThreadId(24) [1P:native-messaging/op-nm-installer/src/nix_utils.rs:48] Creating manifest directory for Chromium at /home/<redacted-username>/.config/google-chrome-beta/NativeMessagingHosts
INFO  2025-04-29T16:33:35.826+00:00 ThreadId(24) [1P:native-messaging/op-nm-installer/src/nix_utils.rs:68] Created NMH manifest at /home/<redacted-username>/.config/google-chrome-beta/NativeMessagingHosts/com.1password.1password.json
INFO  2025-04-29T16:33:35.826+00:00 ThreadId(24) [1P:native-messaging/op-nm-installer/src/nix_utils.rs:48] Creating manifest directory for Chromium at /home/<redacted-username>/.config/google-chrome-unstable/NativeMessagingHosts
INFO  2025-04-29T16:33:35.827+00:00 ThreadId(24) [1P:native-messaging/op-nm-installer/src/nix_utils.rs:68] Created NMH manifest at /home/<redacted-username>/.config/google-chrome-unstable/NativeMessagingHosts/com.1password.1password.json
INFO  2025-04-29T16:33:35.827+00:00 ThreadId(24) [1P:native-messaging/op-nm-installer/src/nix_utils.rs:48] Creating manifest directory for Chromium at /home/<redacted-username>/.config/chromium/NativeMessagingHosts
INFO  2025-04-29T16:33:35.827+00:00 ThreadId(24) [1P:native-messaging/op-nm-installer/src/nix_utils.rs:68] Created NMH manifest at /home/<redacted-username>/.config/chromium/NativeMessagingHosts/com.1password.1password.json
INFO  2025-04-29T16:33:35.827+00:00 ThreadId(24) [1P:native-messaging/op-nm-installer/src/nix_utils.rs:48] Creating manifest directory for Chromium at /home/<redacted-username>/.config/microsoft-edge-dev/NativeMessagingHosts
INFO  2025-04-29T16:33:35.827+00:00 ThreadId(24) [1P:native-messaging/op-nm-installer/src/nix_utils.rs:68] Created NMH manifest at /home/<redacted-username>/.config/microsoft-edge-dev/NativeMessagingHosts/com.1password.1password.json
INFO  2025-04-29T16:33:35.827+00:00 ThreadId(24) [1P:native-messaging/op-nm-installer/src/nix_utils.rs:48] Creating manifest directory for Chromium at /home/<redacted-username>/.config/BraveSoftware/Brave-Browser/NativeMessagingHosts
INFO  2025-04-29T16:33:35.827+00:00 ThreadId(24) [1P:native-messaging/op-nm-installer/src/nix_utils.rs:68] Created NMH manifest at /home/<redacted-username>/.config/BraveSoftware/Brave-Browser/NativeMessagingHosts/com.1password.1password.json
INFO  2025-04-29T16:33:35.827+00:00 ThreadId(24) [1P:native-messaging/op-nm-installer/src/nix_utils.rs:48] Creating manifest directory for Chromium at /home/<redacted-username>/.config/vivaldi/NativeMessagingHosts
INFO  2025-04-29T16:33:35.827+00:00 ThreadId(24) [1P:native-messaging/op-nm-installer/src/nix_utils.rs:68] Created NMH manifest at /home/<redacted-username>/.config/vivaldi/NativeMessagingHosts/com.1password.1password.json
INFO  2025-04-29T16:33:35.827+00:00 ThreadId(24) [1P:native-messaging/op-nm-installer/src/nix_utils.rs:48] Creating manifest directory for Chromium at /home/<redacted-username>/.config/vivaldi-snapshot/NativeMessagingHosts
INFO  2025-04-29T16:33:35.827+00:00 ThreadId(24) [1P:native-messaging/op-nm-installer/src/nix_utils.rs:68] Created NMH manifest at /home/<redacted-username>/.config/vivaldi-snapshot/NativeMessagingHosts/com.1password.1password.json
INFO  2025-04-29T16:33:35.827+00:00 ThreadId(24) [1P:native-messaging/op-nm-installer/src/nix_utils.rs:48] Creating manifest directory for Firefox at /home/<redacted-username>/.mozilla/native-messaging-hosts
INFO  2025-04-29T16:33:35.827+00:00 ThreadId(24) [1P:native-messaging/op-nm-installer/src/nix_utils.rs:68] Created NMH manifest at /home/<redacted-username>/.mozilla/native-messaging-hosts/com.1password.1password.json
INFO  2025-04-29T16:33:35.827+00:00 ThreadId(24) [1P:native-messaging/op-nm-installer/src/nix_utils.rs:83] Successfully installed all native messaging manifests.
INFO  2025-04-29T16:33:35.828+00:00 runtime-worker(ThreadId(19)) [1P:native-messaging/op-nm-installer/src/nix_utils.rs:68] Created NMH manifest at /home/<redacted-username>/.config/google-chrome/NativeMessagingHosts/com.1password.1password.json
ERROR 2025-04-29T16:33:35.828+00:00 runtime-worker(ThreadId(3)) [1P:native-messaging/op-native-core-integration/src/lib.rs:528] Listener on SETTING_STATUS has been dropped, unable to communicate changes made to browser SLS setting
INFO  2025-04-29T16:33:35.828+00:00 runtime-worker(ThreadId(19)) [1P:native-messaging/op-nm-installer/src/nix_utils.rs:68] Created NMH manifest at /home/<redacted-username>/.config/google-chrome-beta/NativeMessagingHosts/com.1password.1password.json
INFO  2025-04-29T16:33:35.828+00:00 runtime-worker(ThreadId(3)) [1P:native-messaging/op-native-core-integration/src/lib.rs:344] Starting IPC listener on 1Password-BrowserSupport
INFO  2025-04-29T16:33:35.828+00:00 runtime-worker(ThreadId(19)) [1P:native-messaging/op-nm-installer/src/nix_utils.rs:68] Created NMH manifest at /home/<redacted-username>/.config/google-chrome-unstable/NativeMessagingHosts/com.1password.1password.json
ERROR 2025-04-29T16:33:35.828+00:00 ThreadId(24) [1P:ffi/op-core-node/src/lib.rs:504] Io(Os { code: 2, kind: NotFound, message: "No such file or directory" })
INFO  2025-04-29T16:33:35.828+00:00 runtime-worker(ThreadId(19)) [1P:native-messaging/op-nm-installer/src/nix_utils.rs:68] Created NMH manifest at /home/<redacted-username>/.config/chromium/NativeMessagingHosts/com.1password.1password.json
INFO  2025-04-29T16:33:35.828+00:00 runtime-worker(ThreadId(19)) [1P:native-messaging/op-nm-installer/src/nix_utils.rs:68] Created NMH manifest at /home/<redacted-username>/.config/microsoft-edge-dev/NativeMessagingHosts/com.1password.1password.json
INFO  2025-04-29T16:33:35.828+00:00 runtime-worker(ThreadId(19)) [1P:native-messaging/op-nm-installer/src/nix_utils.rs:68] Created NMH manifest at /home/<redacted-username>/.config/BraveSoftware/Brave-Browser/NativeMessagingHosts/com.1password.1password.json
INFO  2025-04-29T16:33:35.828+00:00 runtime-worker(ThreadId(19)) [1P:native-messaging/op-nm-installer/src/nix_utils.rs:68] Created NMH manifest at /home/<redacted-username>/.config/vivaldi/NativeMessagingHosts/com.1password.1password.json
INFO  2025-04-29T16:33:35.828+00:00 runtime-worker(ThreadId(19)) [1P:native-messaging/op-nm-installer/src/nix_utils.rs:68] Created NMH manifest at /home/<redacted-username>/.config/vivaldi-snapshot/NativeMessagingHosts/com.1password.1password.json
INFO  2025-04-29T16:33:35.828+00:00 runtime-worker(ThreadId(21)) [1P:native-messaging/op-native-core-integration/src/lib.rs:356] Active native core integration is awaiting messages
INFO  2025-04-29T16:33:35.828+00:00 runtime-worker(ThreadId(19)) [1P:native-messaging/op-nm-installer/src/nix_utils.rs:68] Created NMH manifest at /home/<redacted-username>/.mozilla/native-messaging-hosts/com.1password.1password.json
INFO  2025-04-29T16:33:35.828+00:00 runtime-worker(ThreadId(19)) [1P:native-messaging/op-nm-installer/src/nix_utils.rs:83] Successfully installed all native messaging manifests.
INFO  2025-04-29T16:33:35.829+00:00 runtime-worker(ThreadId(11)) [1P:ssh/op-agent-controller/src/lib.rs:570] Starting filesystem watcher for SSH agent configuration directories...
ERROR 2025-04-29T16:33:35.829+00:00 runtime-worker(ThreadId(11)) [1P:/mnt/ephemeral/builds/dev/core/core/ssh/op-agent-controller/src/lib.rs:571] Io(Os { code: 2, kind: NotFound, message: "No such file or directory" })
ERROR 2025-04-29T16:33:35.863+00:00 ThreadId(24) [client:typescript] Could not load window state.
ERROR 2025-04-29T16:33:36.964+00:00 runtime-worker(ThreadId(11)) [1P:app/op-app/src/app/components/route_persister.rs:31] Could not get key from unlocked account!
INFO  2025-04-29T16:33:38.472+00:00 runtime-worker(ThreadId(21)) [1P:app/op-app/src/app/backend/mycelium/unauthorized_device_start.rs:93] MYCELIUM UNAUTHORIZED DEVICE FORWARD FLOW SIGN-IN -- starting new sign-in session
INFO  2025-04-29T16:33:38.472+00:00 runtime-worker(ThreadId(21)) [1P:foundation/op-feature-gate/src/feature_store.rs:805] MYCELIUM PRE-REGISTRATION FLAGS: Reading forward flag value as true
INFO  2025-04-29T16:33:38.472+00:00 runtime-worker(ThreadId(21)) [1P:app/op-app/src/app/backend/task_handle.rs:48] Starting mycelium-active-sign-in task
INFO  2025-04-29T16:33:38.472+00:00 runtime-worker(ThreadId(21)) [1P:app/op-app/src/app/backend/mycelium/unauthorized_device_start.rs:275] MYCELIUM UNAUTHORIZED DEVICE FORWARD FLOW SIGN-IN -- starting channel create loop
INFO  2025-04-29T16:33:39.330+00:00 runtime-worker(ThreadId(11)) [1P:app/op-app/src/app/backend/mycelium/unauthorized_device_start.rs:292] MYCELIUM UNAUTHORIZED DEVICE FORWARD FLOW SIGN-IN -- created Mycelium channel on region code Com
INFO  2025-04-29T16:33:58.170+00:00 runtime-worker(ThreadId(11)) [1P:app/op-app/src/app/backend/mycelium/unauthorized_device_start.rs:337] MYCELIUM UNAUTHORIZED DEVICE FORWARD FLOW SIGN-IN -- 2TO5ZJCNYGLBU2CZIP3KL6BOVI channel connected
INFO  2025-04-29T16:34:02.364+00:00 runtime-worker(ThreadId(11)) [1P:app/op-app/src/app/backend/mycelium/unauthorized_device_start.rs:232] MYCELIUM UNAUTHORIZED DEVICE FORWARD FLOW SIGN-IN -- allow device prompt accepted and credentials successfully received
INFO  2025-04-29T16:34:02.365+00:00 runtime-worker(ThreadId(21)) [1P:native-messaging/op-nm-settings/src/lib.rs:175] Account len modified 0 vs 1
INFO  2025-04-29T16:34:02.365+00:00 runtime-worker(ThreadId(21)) [1P:native-messaging/op-nm-settings/src/lib.rs:146] Initial account added, defining default SLS state
INFO  2025-04-29T16:34:02.365+00:00 runtime-worker(ThreadId(21)) [1P:native-messaging/op-native-core-integration/src/lib.rs:370] Setting has been toggled on/off, restarting native core integration
INFO  2025-04-29T16:34:02.365+00:00 runtime-worker(ThreadId(21)) [1P:native-messaging/op-native-core-integration/src/lib.rs:301] Mute native core integration is waiting for Shared Lock State to be enabled
INFO  2025-04-29T16:34:02.365+00:00 runtime-worker(ThreadId(21)) [1P:native-messaging/op-nm-installer/src/nix_utils.rs:100] Removed NMH manifest at /home/<redacted-username>/.config/google-chrome/NativeMessagingHosts/com.1password.1password.json
INFO  2025-04-29T16:34:02.365+00:00 runtime-worker(ThreadId(21)) [1P:native-messaging/op-nm-installer/src/nix_utils.rs:100] Removed NMH manifest at /home/<redacted-username>/.config/google-chrome-beta/NativeMessagingHosts/com.1password.1password.json
INFO  2025-04-29T16:34:02.365+00:00 runtime-worker(ThreadId(21)) [1P:native-messaging/op-nm-installer/src/nix_utils.rs:100] Removed NMH manifest at /home/<redacted-username>/.config/google-chrome-unstable/NativeMessagingHosts/com.1password.1password.json
INFO  2025-04-29T16:34:02.365+00:00 runtime-worker(ThreadId(21)) [1P:native-messaging/op-nm-installer/src/nix_utils.rs:100] Removed NMH manifest at /home/<redacted-username>/.config/chromium/NativeMessagingHosts/com.1password.1password.json
INFO  2025-04-29T16:34:02.365+00:00 runtime-worker(ThreadId(21)) [1P:native-messaging/op-nm-installer/src/nix_utils.rs:100] Removed NMH manifest at /home/<redacted-username>/.config/microsoft-edge-dev/NativeMessagingHosts/com.1password.1password.json
INFO  2025-04-29T16:34:02.365+00:00 runtime-worker(ThreadId(21)) [1P:native-messaging/op-nm-installer/src/nix_utils.rs:100] Removed NMH manifest at /home/<redacted-username>/.config/BraveSoftware/Brave-Browser/NativeMessagingHosts/com.1password.1password.json
INFO  2025-04-29T16:34:02.365+00:00 runtime-worker(ThreadId(21)) [1P:native-messaging/op-nm-installer/src/nix_utils.rs:100] Removed NMH manifest at /home/<redacted-username>/.config/vivaldi/NativeMessagingHosts/com.1password.1password.json
INFO  2025-04-29T16:34:02.365+00:00 runtime-worker(ThreadId(21)) [1P:native-messaging/op-nm-installer/src/nix_utils.rs:100] Removed NMH manifest at /home/<redacted-username>/.config/vivaldi-snapshot/NativeMessagingHosts/com.1password.1password.json
INFO  2025-04-29T16:34:02.365+00:00 runtime-worker(ThreadId(21)) [1P:native-messaging/op-nm-installer/src/nix_utils.rs:100] Removed NMH manifest at /home/<redacted-username>/.mozilla/native-messaging-hosts/com.1password.1password.json
INFO  2025-04-29T16:34:02.365+00:00 runtime-worker(ThreadId(21)) [1P:native-messaging/op-nm-installer/src/nix_utils.rs:120] Removed 9 Native Messaging Host manifests
INFO  2025-04-29T16:34:03.071+00:00 runtime-worker(ThreadId(11)) [1P:data/op-add-account/src/first_sync.rs:555] starting initial account sync
INFO  2025-04-29T16:34:04.322+00:00 runtime-worker(ThreadId(20)) [1P:data/op-syncer/src/sync_job.rs:510] synced account V3W3US3WYVF3RE4BQGXBTDLXTM (1.035819425s)
INFO  2025-04-29T16:34:04.327+00:00 runtime-worker(ThreadId(21)) [1P:/mnt/ephemeral/builds/dev/core/core/data/ext/op-account-ext-settings-authentication/src/lib.rs:238] loaded settings authentication key: none
INFO  2025-04-29T16:34:04.330+00:00 runtime-worker(ThreadId(3)) [1P:data/ext/op-account-ext-items/src/lib.rs:247] loaded 0 items in 3 vaults for account: V3W3US3WYVF3RE4BQGXBTDLXTM
INFO  2025-04-29T16:34:04.330+00:00 runtime-worker(ThreadId(20)) [1P:service/op-service-sync/src/lib.rs:158] starting refresher task during initial account sign-in
INFO  2025-04-29T16:34:04.330+00:00 runtime-worker(ThreadId(21)) [1P:op-telemetry/src/middleware/opt_state.rs:114] op-telemetry: account uuid 'V3W3US3WYVF3RE4BQGXBTDLXTM' changed telemetry state to Decided(In)
INFO  2025-04-29T16:34:04.330+00:00 runtime-worker(ThreadId(3)) [1P:app/op-app/src/app/backend/mycelium/shared.rs:531] Mycelium Sign-in succeeded
INFO  2025-04-29T16:34:04.330+00:00 runtime-worker(ThreadId(3)) [1P:app/op-app/src/app/backend/task_handle.rs:39] Finished mycelium-active-sign-in task
ERROR 2025-04-29T16:34:04.330+00:00 runtime-worker(ThreadId(11)) [1P:/mnt/ephemeral/builds/dev/core/core/app/op-app/src/app/components/policies.rs:58] Failed to get PolicyAuthenticationKey from any account
INFO  2025-04-29T16:34:04.331+00:00 runtime-worker(ThreadId(3)) [1P:data/ext/op-account-ext-settings-authentication/src/lib.rs:360] No and/or corrupt account setting authentication key, generating a new one.
INFO  2025-04-29T16:34:04.331+00:00 runtime-worker(ThreadId(3)) [1P:data/ext/op-account-ext-settings-authentication/src/lib.rs:384] applying setting authentication key (b74b9a930d4e697e) to account (V3W3US3WYVF3RE4BQGXBTDLXTM).
INFO  2025-04-29T16:34:04.331+00:00 runtime-worker(ThreadId(3)) [1P:op-settings/src/store/json_store.rs:725] initializing settings authentication with key b74b9a930d4e697e
INFO  2025-04-29T16:34:04.331+00:00 runtime-worker(ThreadId(3)) [1P:app/op-app/src/app/backend/unlock.rs:174] Lock state changed: Unlocked
INFO  2025-04-29T16:34:04.331+00:00 runtime-worker(ThreadId(3)) [1P:app/op-app/src/app/backend/essential_setup.rs:135] SLS Migration Result: Performed
ERROR 2025-04-29T16:34:04.331+00:00 runtime-worker(ThreadId(3)) [1P:op-settings/src/store/json_store.rs:80] Os { code: 2, kind: NotFound, message: "No such file or directory" }
INFO  2025-04-29T16:34:04.331+00:00 runtime-worker(ThreadId(21)) [1P:op-settings/src/store/json_store.rs:104] Settings file "/home/<redacted-username>/.config/1Password/settings/settings.json" missing, using defaults.
INFO  2025-04-29T16:34:04.332+00:00 runtime-worker(ThreadId(3)) [1P:native-messaging/op-native-core-integration/src/lib.rs:307] Setting has been toggled on/off, restarting native core integration
INFO  2025-04-29T16:34:04.332+00:00 runtime-worker(ThreadId(3)) [1P:native-messaging/op-native-core-integration/src/lib.rs:344] Starting IPC listener on 1Password-BrowserSupport
INFO  2025-04-29T16:34:04.332+00:00 runtime-worker(ThreadId(20)) [1P:native-messaging/op-native-core-integration/src/lib.rs:356] Active native core integration is awaiting messages
INFO  2025-04-29T16:34:04.332+00:00 runtime-worker(ThreadId(20)) [1P:native-messaging/op-native-core-integration/src/lib.rs:370] Setting has been toggled on/off, restarting native core integration
INFO  2025-04-29T16:34:04.332+00:00 runtime-worker(ThreadId(7)) [1P:native-messaging/op-nm-installer/src/nix_utils.rs:68] Created NMH manifest at /home/<redacted-username>/.config/google-chrome/NativeMessagingHosts/com.1password.1password.json
INFO  2025-04-29T16:34:04.332+00:00 runtime-worker(ThreadId(20)) [1P:native-messaging/op-native-core-integration/src/lib.rs:344] Starting IPC listener on 1Password-BrowserSupport
INFO  2025-04-29T16:34:04.332+00:00 runtime-worker(ThreadId(7)) [1P:native-messaging/op-nm-installer/src/nix_utils.rs:68] Created NMH manifest at /home/<redacted-username>/.config/google-chrome-beta/NativeMessagingHosts/com.1password.1password.json
INFO  2025-04-29T16:34:04.333+00:00 runtime-worker(ThreadId(7)) [1P:native-messaging/op-nm-installer/src/nix_utils.rs:68] Created NMH manifest at /home/<redacted-username>/.config/google-chrome-unstable/NativeMessagingHosts/com.1password.1password.json
INFO  2025-04-29T16:34:04.333+00:00 runtime-worker(ThreadId(7)) [1P:native-messaging/op-nm-installer/src/nix_utils.rs:68] Created NMH manifest at /home/<redacted-username>/.config/chromium/NativeMessagingHosts/com.1password.1password.json
INFO  2025-04-29T16:34:04.333+00:00 runtime-worker(ThreadId(20)) [1P:native-messaging/op-native-core-integration/src/lib.rs:356] Active native core integration is awaiting messages
INFO  2025-04-29T16:34:04.333+00:00 runtime-worker(ThreadId(7)) [1P:native-messaging/op-nm-installer/src/nix_utils.rs:68] Created NMH manifest at /home/<redacted-username>/.config/microsoft-edge-dev/NativeMessagingHosts/com.1password.1password.json
INFO  2025-04-29T16:34:04.333+00:00 runtime-worker(ThreadId(7)) [1P:native-messaging/op-nm-installer/src/nix_utils.rs:68] Created NMH manifest at /home/<redacted-username>/.config/BraveSoftware/Brave-Browser/NativeMessagingHosts/com.1password.1password.json
INFO  2025-04-29T16:34:04.333+00:00 runtime-worker(ThreadId(7)) [1P:native-messaging/op-nm-installer/src/nix_utils.rs:68] Created NMH manifest at /home/<redacted-username>/.config/vivaldi/NativeMessagingHosts/com.1password.1password.json
INFO  2025-04-29T16:34:04.333+00:00 runtime-worker(ThreadId(7)) [1P:native-messaging/op-nm-installer/src/nix_utils.rs:68] Created NMH manifest at /home/<redacted-username>/.config/vivaldi-snapshot/NativeMessagingHosts/com.1password.1password.json
INFO  2025-04-29T16:34:04.333+00:00 runtime-worker(ThreadId(7)) [1P:native-messaging/op-nm-installer/src/nix_utils.rs:68] Created NMH manifest at /home/<redacted-username>/.mozilla/native-messaging-hosts/com.1password.1password.json
INFO  2025-04-29T16:34:04.333+00:00 runtime-worker(ThreadId(7)) [1P:native-messaging/op-nm-installer/src/nix_utils.rs:83] Successfully installed all native messaging manifests.
INFO  2025-04-29T16:34:04.334+00:00 runtime-worker(ThreadId(7)) [1P:native-messaging/op-nm-installer/src/nix_utils.rs:68] Created NMH manifest at /home/<redacted-username>/.config/google-chrome/NativeMessagingHosts/com.1password.1password.json
INFO  2025-04-29T16:34:04.334+00:00 runtime-worker(ThreadId(7)) [1P:native-messaging/op-nm-installer/src/nix_utils.rs:68] Created NMH manifest at /home/<redacted-username>/.config/google-chrome-beta/NativeMessagingHosts/com.1password.1password.json
INFO  2025-04-29T16:34:04.334+00:00 runtime-worker(ThreadId(7)) [1P:native-messaging/op-nm-installer/src/nix_utils.rs:68] Created NMH manifest at /home/<redacted-username>/.config/google-chrome-unstable/NativeMessagingHosts/com.1password.1password.json
INFO  2025-04-29T16:34:04.334+00:00 runtime-worker(ThreadId(7)) [1P:native-messaging/op-nm-installer/src/nix_utils.rs:68] Created NMH manifest at /home/<redacted-username>/.config/chromium/NativeMessagingHosts/com.1password.1password.json
INFO  2025-04-29T16:34:04.334+00:00 runtime-worker(ThreadId(7)) [1P:native-messaging/op-nm-installer/src/nix_utils.rs:68] Created NMH manifest at /home/<redacted-username>/.config/microsoft-edge-dev/NativeMessagingHosts/com.1password.1password.json
INFO  2025-04-29T16:34:04.334+00:00 runtime-worker(ThreadId(7)) [1P:native-messaging/op-nm-installer/src/nix_utils.rs:68] Created NMH manifest at /home/<redacted-username>/.config/BraveSoftware/Brave-Browser/NativeMessagingHosts/com.1password.1password.json
INFO  2025-04-29T16:34:04.334+00:00 runtime-worker(ThreadId(7)) [1P:native-messaging/op-nm-installer/src/nix_utils.rs:68] Created NMH manifest at /home/<redacted-username>/.config/vivaldi/NativeMessagingHosts/com.1password.1password.json
INFO  2025-04-29T16:34:04.334+00:00 runtime-worker(ThreadId(7)) [1P:native-messaging/op-nm-installer/src/nix_utils.rs:68] Created NMH manifest at /home/<redacted-username>/.config/vivaldi-snapshot/NativeMessagingHosts/com.1password.1password.json
INFO  2025-04-29T16:34:04.335+00:00 runtime-worker(ThreadId(7)) [1P:native-messaging/op-nm-installer/src/nix_utils.rs:68] Created NMH manifest at /home/<redacted-username>/.mozilla/native-messaging-hosts/com.1password.1password.json
INFO  2025-04-29T16:34:04.335+00:00 runtime-worker(ThreadId(7)) [1P:native-messaging/op-nm-installer/src/nix_utils.rs:83] Successfully installed all native messaging manifests.
INFO  2025-04-29T16:34:04.335+00:00 runtime-worker(ThreadId(7)) [1P:native-messaging/op-nm-installer/src/nix_utils.rs:68] Created NMH manifest at /home/<redacted-username>/.config/google-chrome/NativeMessagingHosts/com.1password.1password.json
INFO  2025-04-29T16:34:04.335+00:00 runtime-worker(ThreadId(7)) [1P:native-messaging/op-nm-installer/src/nix_utils.rs:68] Created NMH manifest at /home/<redacted-username>/.config/google-chrome-beta/NativeMessagingHosts/com.1password.1password.json
INFO  2025-04-29T16:34:04.335+00:00 runtime-worker(ThreadId(7)) [1P:native-messaging/op-nm-installer/src/nix_utils.rs:68] Created NMH manifest at /home/<redacted-username>/.config/google-chrome-unstable/NativeMessagingHosts/com.1password.1password.json
INFO  2025-04-29T16:34:04.335+00:00 runtime-worker(ThreadId(7)) [1P:native-messaging/op-nm-installer/src/nix_utils.rs:68] Created NMH manifest at /home/<redacted-username>/.config/chromium/NativeMessagingHosts/com.1password.1password.json
INFO  2025-04-29T16:34:04.335+00:00 runtime-worker(ThreadId(7)) [1P:native-messaging/op-nm-installer/src/nix_utils.rs:68] Created NMH manifest at /home/<redacted-username>/.config/microsoft-edge-dev/NativeMessagingHosts/com.1password.1password.json
INFO  2025-04-29T16:34:04.335+00:00 runtime-worker(ThreadId(7)) [1P:native-messaging/op-nm-installer/src/nix_utils.rs:68] Created NMH manifest at /home/<redacted-username>/.config/BraveSoftware/Brave-Browser/NativeMessagingHosts/com.1password.1password.json
INFO  2025-04-29T16:34:04.335+00:00 runtime-worker(ThreadId(7)) [1P:native-messaging/op-nm-installer/src/nix_utils.rs:68] Created NMH manifest at /home/<redacted-username>/.config/vivaldi/NativeMessagingHosts/com.1password.1password.json
INFO  2025-04-29T16:34:04.335+00:00 runtime-worker(ThreadId(7)) [1P:native-messaging/op-nm-installer/src/nix_utils.rs:68] Created NMH manifest at /home/<redacted-username>/.config/vivaldi-snapshot/NativeMessagingHosts/com.1password.1password.json
INFO  2025-04-29T16:34:04.336+00:00 runtime-worker(ThreadId(7)) [1P:native-messaging/op-nm-installer/src/nix_utils.rs:68] Created NMH manifest at /home/<redacted-username>/.mozilla/native-messaging-hosts/com.1password.1password.json
INFO  2025-04-29T16:34:04.336+00:00 runtime-worker(ThreadId(7)) [1P:native-messaging/op-nm-installer/src/nix_utils.rs:83] Successfully installed all native messaging manifests.
INFO  2025-04-29T16:34:04.336+00:00 runtime-worker(ThreadId(7)) [1P:native-messaging/op-nm-installer/src/nix_utils.rs:68] Created NMH manifest at /home/<redacted-username>/.config/google-chrome/NativeMessagingHosts/com.1password.1password.json
INFO  2025-04-29T16:34:04.336+00:00 runtime-worker(ThreadId(7)) [1P:native-messaging/op-nm-installer/src/nix_utils.rs:68] Created NMH manifest at /home/<redacted-username>/.config/google-chrome-beta/NativeMessagingHosts/com.1password.1password.json
INFO  2025-04-29T16:34:04.336+00:00 runtime-worker(ThreadId(7)) [1P:native-messaging/op-nm-installer/src/nix_utils.rs:68] Created NMH manifest at /home/<redacted-username>/.config/google-chrome-unstable/NativeMessagingHosts/com.1password.1password.json
INFO  2025-04-29T16:34:04.336+00:00 runtime-worker(ThreadId(7)) [1P:native-messaging/op-nm-installer/src/nix_utils.rs:68] Created NMH manifest at /home/<redacted-username>/.config/chromium/NativeMessagingHosts/com.1password.1password.json
INFO  2025-04-29T16:34:04.336+00:00 runtime-worker(ThreadId(7)) [1P:native-messaging/op-nm-installer/src/nix_utils.rs:68] Created NMH manifest at /home/<redacted-username>/.config/microsoft-edge-dev/NativeMessagingHosts/com.1password.1password.json
INFO  2025-04-29T16:34:04.336+00:00 runtime-worker(ThreadId(7)) [1P:native-messaging/op-nm-installer/src/nix_utils.rs:68] Created NMH manifest at /home/<redacted-username>/.config/BraveSoftware/Brave-Browser/NativeMessagingHosts/com.1password.1password.json
INFO  2025-04-29T16:34:04.336+00:00 runtime-worker(ThreadId(7)) [1P:native-messaging/op-nm-installer/src/nix_utils.rs:68] Created NMH manifest at /home/<redacted-username>/.config/vivaldi/NativeMessagingHosts/com.1password.1password.json
INFO  2025-04-29T16:34:04.337+00:00 runtime-worker(ThreadId(7)) [1P:native-messaging/op-nm-installer/src/nix_utils.rs:68] Created NMH manifest at /home/<redacted-username>/.config/vivaldi-snapshot/NativeMessagingHosts/com.1password.1password.json
INFO  2025-04-29T16:34:04.337+00:00 runtime-worker(ThreadId(7)) [1P:native-messaging/op-nm-installer/src/nix_utils.rs:68] Created NMH manifest at /home/<redacted-username>/.mozilla/native-messaging-hosts/com.1password.1password.json
INFO  2025-04-29T16:34:04.337+00:00 runtime-worker(ThreadId(7)) [1P:native-messaging/op-nm-installer/src/nix_utils.rs:83] Successfully installed all native messaging manifests.
INFO  2025-04-29T16:34:04.341+00:00 ThreadId(24) [client:typescript] Settings file changed.
INFO  2025-04-29T16:34:04.343+00:00 ThreadId(24) [client:typescript] Settings file changed.
INFO  2025-04-29T16:34:04.505+00:00 runtime-worker(ThreadId(107)) [1P:app/op-app/src/app/backend/quick_access.rs:186] Getting suggestions for quick access
INFO  2025-04-29T16:34:04.519+00:00 runtime-worker(ThreadId(80)) [1P:app/op-app/src/app/backend/quick_access.rs:186] Getting suggestions for quick access
INFO  2025-04-29T16:34:04.711+00:00 runtime-worker(ThreadId(2)) [1P:data/ext/op-account-ext-syncer/src/lib.rs:246] The B5 Notifier for (V3W3US3WYVF3RE4BQGXBTDLXTM) has connected, now monitoring for events.
INFO  2025-04-29T16:34:05.218+00:00 runtime-worker(ThreadId(20)) [1P:app/op-app/src/app/backend/unlock.rs:203] Processing unlocked account V3W3US3WYVF3RE4BQGXBTDLXTM
INFO  2025-04-29T16:34:06.083+00:00 runtime-worker(ThreadId(21)) [1P:data/op-syncer/src/sync_job.rs:510] synced account V3W3US3WYVF3RE4BQGXBTDLXTM (1.592670475s)
INFO  2025-04-29T16:34:06.083+00:00 runtime-worker(ThreadId(21)) [1P:app/op-app/src/app/backend/unlock.rs:308] Auto-lock duration recieved one-time update
INFO  2025-04-29T16:34:06.084+00:00 runtime-worker(ThreadId(2)) [1P:service/op-service-sync/src/lib.rs:168] shutting down refresher task
INFO  2025-04-29T16:34:06.084+00:00 runtime-worker(ThreadId(2)) [1P:data/op-file-transfer/src/lib.rs:662] find_and_complete_pending_uploads: 'V3W3US3WYVF3RE4BQGXBTDLXTM'
ERROR 2025-04-29T16:34:06.084+00:00 runtime-worker(ThreadId(21)) [1P:/mnt/ephemeral/builds/dev/core/core/data/op-file-transfer/src/legacy.rs:43] failed to read files dir: Os { code: 2, kind: NotFound, message: "No such file or directory" }
INFO  2025-04-29T16:34:06.092+00:00 runtime-worker(ThreadId(80)) [1P:app/op-app/src/app/backend/quick_access.rs:186] Getting suggestions for quick access
ERROR 2025-04-29T16:34:06.093+00:00 runtime-worker(ThreadId(2)) [1P:ffi/op-core-node/src/lib.rs:621] Item list call aborted by a new call
INFO  2025-04-29T16:34:06.106+00:00 runtime-worker(ThreadId(80)) [1P:app/op-app/src/app/backend/quick_access.rs:186] Getting suggestions for quick access
INFO  2025-04-29T16:34:06.252+00:00 runtime-worker(ThreadId(19)) [1P:data/op-syncer/src/sync_job.rs:510] synced account V3W3US3WYVF3RE4BQGXBTDLXTM (0.014940591s)
INFO  2025-04-29T16:34:26.257+00:00 ThreadId(24) [client:typescript] Settings file changed.
INFO  2025-04-29T16:34:26.894+00:00 runtime-worker(ThreadId(19)) [1P:data/op-account-system-unlock/src/lib.rs:776] Adding system unlock key. Verifying keysets can be decrypted.
INFO  2025-04-29T16:34:26.900+00:00 runtime-worker(ThreadId(19)) [1P:data/op-account-system-unlock/src/lib.rs:782] Adding system unlock key. Encrypting muk.
INFO  2025-04-29T16:34:26.900+00:00 ThreadId(28) [1P:data/op-account-system-unlock/src/lib.rs:788] Adding system unlock key. Updating account.
INFO  2025-04-29T16:35:44.440+00:00 runtime-worker(ThreadId(7)) [1P:native-messaging/op-native-core-integration/src/lib.rs:381] Extension connecting.
INFO  2025-04-29T16:35:44.440+00:00 runtime-worker(ThreadId(7)) [1P:native-messaging/op-native-core-integration/src/lib.rs:383] Extension connection accepted.
